<?xml version="1.0" encoding="UTF-8"?>
<!-- Generated by org.testng.reporters.JUnitReportReporter -->
<testsuite hostname="ASHOKSWINDOWS" failures="0" tests="1" name="CucumberOnline.CucumberOnline.AppTest" time="0.009" errors="0" timestamp="02 Nov 2023 12:24:58 GMT" skipped="0">
  <testcase classname="CucumberOnline.CucumberOnline.AppTest" name="shouldAnswerWithTrue" time="0.009"/>
</testsuite> <!-- CucumberOnline.CucumberOnline.AppTest -->
